<?xml version="1.0" encoding="UTF-8"?>
<testsuite name="com.sixt.carrental.CarrentalApplicationTests" tests="1" skipped="0" failures="0" errors="0" timestamp="2026-01-16T09:16:14.900Z" hostname="MAC-YQWR6QMY0N" time="0.267">
  <properties/>
  <testcase name="contextLoads()" classname="com.sixt.carrental.CarrentalApplicationTests" time="0.267"/>
  <system-out><![CDATA[14:46:12.730 [Test worker] INFO org.springframework.test.context.support.AnnotationConfigContextLoaderUtils -- Could not detect default configuration classes for test class [com.sixt.carrental.CarrentalApplicationTests]: CarrentalApplicationTests does not declare any static, non-private, non-final, nested classes annotated with @Configuration.
14:46:12.789 [Test worker] INFO org.springframework.boot.test.context.SpringBootTestContextBootstrapper -- Found @SpringBootConfiguration com.sixt.carrental.CarrentalApplication for test class com.sixt.carrental.CarrentalApplicationTests

  .   ____          _            __ _ _
 /\\ / ___'_ __ _ _(_)_ __  __ _ \ \ \ \
( ( )\___ | '_ | '_| | '_ \/ _` | \ \ \ \
 \\/  ___)| |_)| | | | | || (_| |  ) ) ) )
  '  |____| .__|_| |_|_| |_\__, | / / / /
 =========|_|==============|___/=/_/_/_/

 :: Spring Boot ::                (v4.0.1)

2026-01-16T14:46:12.975+05:30  INFO 96714 --- [car-rental-service] [    Test worker] c.s.carrental.CarrentalApplicationTests  : Starting CarrentalApplicationTests using Java 25.0.1 with PID 96714 (started by s324429 in /Users/s324429/Documents/rental)
2026-01-16T14:46:12.976+05:30  INFO 96714 --- [car-rental-service] [    Test worker] c.s.carrental.CarrentalApplicationTests  : No active profile set, falling back to 1 default profile: "default"
2026-01-16T14:46:13.294+05:30  INFO 96714 --- [car-rental-service] [    Test worker] .s.d.r.c.RepositoryConfigurationDelegate : Bootstrapping Spring Data JPA repositories in DEFAULT mode.
2026-01-16T14:46:13.328+05:30  INFO 96714 --- [car-rental-service] [    Test worker] .s.d.r.c.RepositoryConfigurationDelegate : Finished Spring Data repository scanning in 29 ms. Found 6 JPA repository interfaces.
2026-01-16T14:46:13.521+05:30  INFO 96714 --- [car-rental-service] [    Test worker] org.hibernate.orm.jpa                    : HHH008540: Processing PersistenceUnitInfo [name: default]
2026-01-16T14:46:13.550+05:30  INFO 96714 --- [car-rental-service] [    Test worker] org.hibernate.orm.core                   : HHH000001: Hibernate ORM core version 7.2.0.Final
2026-01-16T14:46:13.754+05:30  INFO 96714 --- [car-rental-service] [    Test worker] o.s.o.j.p.SpringPersistenceUnitInfo      : No LoadTimeWeaver setup: ignoring JPA class transformer
2026-01-16T14:46:13.773+05:30  INFO 96714 --- [car-rental-service] [    Test worker] com.zaxxer.hikari.HikariDataSource       : HikariPool-1 - Starting...
2026-01-16T14:46:13.826+05:30  INFO 96714 --- [car-rental-service] [    Test worker] com.zaxxer.hikari.pool.HikariPool        : HikariPool-1 - Added connection org.postgresql.jdbc.PgConnection@27048db3
2026-01-16T14:46:13.827+05:30  INFO 96714 --- [car-rental-service] [    Test worker] com.zaxxer.hikari.HikariDataSource       : HikariPool-1 - Start completed.
2026-01-16T14:46:13.846+05:30  WARN 96714 --- [car-rental-service] [    Test worker] org.hibernate.orm.deprecation            : HHH90000025: PostgreSQLDialect does not need to be specified explicitly using 'hibernate.dialect' (remove the property setting and it will be selected by default)
2026-01-16T14:46:13.861+05:30  INFO 96714 --- [car-rental-service] [    Test worker] org.hibernate.orm.connections.pooling    : HHH10001005: Database info:
	Database JDBC URL [jdbc:postgresql://localhost:5432/carrental_db]
	Database driver: PostgreSQL JDBC Driver
	Database dialect: PostgreSQLDialect
	Database version: 14.20
	Default catalog/schema: carrental_db/public
	Autocommit mode: undefined/unknown
	Isolation level: READ_COMMITTED [default READ_COMMITTED]
	JDBC fetch size: none
	Pool: DataSourceConnectionProvider
	Minimum pool size: undefined/unknown
	Maximum pool size: undefined/unknown
2026-01-16T14:46:14.320+05:30  INFO 96714 --- [car-rental-service] [    Test worker] org.hibernate.orm.core                   : HHH000489: No JTA platform available (set 'hibernate.transaction.jta.platform' to enable JTA platform integration)
2026-01-16T14:46:14.388+05:30  INFO 96714 --- [car-rental-service] [    Test worker] j.LocalContainerEntityManagerFactoryBean : Initialized JPA EntityManagerFactory for persistence unit 'default'
2026-01-16T14:46:14.429+05:30  INFO 96714 --- [car-rental-service] [    Test worker] o.s.d.j.r.query.QueryEnhancerFactories   : Hibernate is in classpath; If applicable, HQL parser will be used.
2026-01-16T14:46:14.612+05:30  WARN 96714 --- [car-rental-service] [    Test worker] JpaBaseConfiguration$JpaWebConfiguration : spring.jpa.open-in-view is enabled by default. Therefore, database queries may be performed during view rendering. Explicitly configure spring.jpa.open-in-view to disable this warning
2026-01-16T14:46:14.769+05:30  WARN 96714 --- [car-rental-service] [    Test worker] .s.a.UserDetailsServiceAutoConfiguration : 

Using generated security password: 8f239914-10da-4fb4-8514-badbe2e17564

This generated password is for development use only. Your security configuration must be updated before running your application in production.

2026-01-16T14:46:14.792+05:30  INFO 96714 --- [car-rental-service] [    Test worker] r$InitializeUserDetailsManagerConfigurer : Global AuthenticationManager configured with UserDetailsService bean with name inMemoryUserDetailsManager
2026-01-16T14:46:14.893+05:30  INFO 96714 --- [car-rental-service] [    Test worker] c.s.carrental.CarrentalApplicationTests  : Started CarrentalApplicationTests in 2.034 seconds (process running for 2.635)
]]></system-out>
  <system-err><![CDATA[Mockito is currently self-attaching to enable the inline-mock-maker. This will no longer work in future releases of the JDK. Please add Mockito as an agent to your build as described in Mockito's documentation: https://javadoc.io/doc/org.mockito/mockito-core/latest/org.mockito/org/mockito/Mockito.html#0.3
WARNING: A Java agent has been loaded dynamically (/Users/s324429/.gradle/caches/modules-2/files-2.1/net.bytebuddy/byte-buddy-agent/1.17.8/f09415827a71be7ed621c7bd02550678f28bc81c/byte-buddy-agent-1.17.8.jar)
WARNING: If a serviceability tool is in use, please run with -XX:+EnableDynamicAgentLoading to hide this warning
WARNING: If a serviceability tool is not in use, please run with -Djdk.instrument.traceUsage for more information
WARNING: Dynamic loading of agents will be disallowed by default in a future release
]]></system-err>
</testsuite>
