<?xml version="1.0" encoding="UTF-8"?>
<testsuite name="Pricing Service Tests" tests="5" skipped="0" failures="0" errors="0" timestamp="2026-01-21T11:30:21.791Z" hostname="MAC-YQWR6QMY0N" time="0.036">
  <properties/>
  <testcase name="Should calculate total price correctly" classname="com.sixt.carrental.service.PricingServiceTest" time="0.028"/>
  <testcase name="Should verify price calculation for 1 month" classname="com.sixt.carrental.service.PricingServiceTest" time="0.001"/>
  <testcase name="Should find pricing plan by parameters" classname="com.sixt.carrental.service.PricingServiceTest" time="0.002"/>
  <testcase name="Should throw exception when pricing plan not found" classname="com.sixt.carrental.service.PricingServiceTest" time="0.002"/>
  <testcase name="Should verify price calculation for 6 months" classname="com.sixt.carrental.service.PricingServiceTest" time="0.002"/>
  <system-out><![CDATA[]]></system-out>
  <system-err><![CDATA[]]></system-err>
</testsuite>
